<?xml version="1.0" encoding="UTF-8"?><testrun name="AllTests" project="dominionMaven" tests="12" started="12" failures="0" errors="2" ignored="0">
  <testsuite name="cs362.dominionMaven.AllTests" time="0.109">
    <testsuite name="cs362.dominionMaven.BureaucratTest" time="0.033">
      <testcase name="test" classname="cs362.dominionMaven.BureaucratTest" time="0.033">
        <error>java.lang.NullPointerException&#13;
	at cs362.dominionMaven.Card.getCard(Card.java:227)&#13;
	at cs362.dominionMaven.BureaucratTest.test(BureaucratTest.java:15)&#13;
	at sun.reflect.NativeMethodAccessorImpl.invoke0(Native Method)&#13;
	at sun.reflect.NativeMethodAccessorImpl.invoke(Unknown Source)&#13;
	at sun.reflect.DelegatingMethodAccessorImpl.invoke(Unknown Source)&#13;
	at java.lang.reflect.Method.invoke(Unknown Source)&#13;
	at junit.framework.TestCase.runTest(TestCase.java:154)&#13;
	at junit.framework.TestCase.runBare(TestCase.java:127)&#13;
	at junit.framework.TestResult$1.protect(TestResult.java:106)&#13;
	at junit.framework.TestResult.runProtected(TestResult.java:124)&#13;
	at junit.framework.TestResult.run(TestResult.java:109)&#13;
	at junit.framework.TestCase.run(TestCase.java:118)&#13;
	at junit.framework.TestSuite.runTest(TestSuite.java:208)&#13;
	at junit.framework.TestSuite.run(TestSuite.java:203)&#13;
	at junit.framework.TestSuite.runTest(TestSuite.java:208)&#13;
	at junit.framework.TestSuite.run(TestSuite.java:203)&#13;
	at org.eclipse.jdt.internal.junit.runner.junit3.JUnit3TestReference.run(JUnit3TestReference.java:121)&#13;
	at org.eclipse.jdt.internal.junit.runner.TestExecution.run(TestExecution.java:38)&#13;
	at org.eclipse.jdt.internal.junit.runner.RemoteTestRunner.runTests(RemoteTestRunner.java:459)&#13;
	at org.eclipse.jdt.internal.junit.runner.RemoteTestRunner.runTests(RemoteTestRunner.java:678)&#13;
	at org.eclipse.jdt.internal.junit.runner.RemoteTestRunner.run(RemoteTestRunner.java:382)&#13;
	at org.eclipse.jdt.internal.junit.runner.RemoteTestRunner.main(RemoteTestRunner.java:192)&#13;
&#13;
</error>
      </testcase>
    </testsuite>
    <testsuite name="cs362.dominionMaven.CellarTest" time="0.052">
      <testcase name="test" classname="cs362.dominionMaven.CellarTest" time="0.052"/>
    </testsuite>
    <testsuite name="cs362.dominionMaven.ChancellorTest" time="0.001">
      <testcase name="test" classname="cs362.dominionMaven.ChancellorTest" time="0.001"/>
    </testsuite>
    <testsuite name="cs362.dominionMaven.ChapelTest" time="0.0">
      <testcase name="test" classname="cs362.dominionMaven.ChapelTest" time="0.0"/>
    </testsuite>
    <testsuite name="cs362.dominionMaven.CouncilRoomTest" time="0.001">
      <testcase name="test" classname="cs362.dominionMaven.CouncilRoomTest" time="0.001"/>
    </testsuite>
    <testsuite name="cs362.dominionMaven.FeastTest" time="0.001">
      <testcase name="test" classname="cs362.dominionMaven.FeastTest" time="0.001"/>
    </testsuite>
    <testsuite name="cs362.dominionMaven.FestivalTest" time="0.0">
      <testcase name="test" classname="cs362.dominionMaven.FestivalTest" time="0.0"/>
    </testsuite>
    <testsuite name="cs362.dominionMaven.LabratoryTest" time="0.0">
      <testcase name="test" classname="cs362.dominionMaven.LabratoryTest" time="0.0">
        <error>java.lang.NullPointerException&#13;
	at cs362.dominionMaven.Card.getCard(Card.java:227)&#13;
	at cs362.dominionMaven.LabratoryTest.test(LabratoryTest.java:15)&#13;
	at sun.reflect.NativeMethodAccessorImpl.invoke0(Native Method)&#13;
	at sun.reflect.NativeMethodAccessorImpl.invoke(Unknown Source)&#13;
	at sun.reflect.DelegatingMethodAccessorImpl.invoke(Unknown Source)&#13;
	at java.lang.reflect.Method.invoke(Unknown Source)&#13;
	at junit.framework.TestCase.runTest(TestCase.java:154)&#13;
	at junit.framework.TestCase.runBare(TestCase.java:127)&#13;
	at junit.framework.TestResult$1.protect(TestResult.java:106)&#13;
	at junit.framework.TestResult.runProtected(TestResult.java:124)&#13;
	at junit.framework.TestResult.run(TestResult.java:109)&#13;
	at junit.framework.TestCase.run(TestCase.java:118)&#13;
	at junit.framework.TestSuite.runTest(TestSuite.java:208)&#13;
	at junit.framework.TestSuite.run(TestSuite.java:203)&#13;
	at junit.framework.TestSuite.runTest(TestSuite.java:208)&#13;
	at junit.framework.TestSuite.run(TestSuite.java:203)&#13;
	at org.eclipse.jdt.internal.junit.runner.junit3.JUnit3TestReference.run(JUnit3TestReference.java:121)&#13;
	at org.eclipse.jdt.internal.junit.runner.TestExecution.run(TestExecution.java:38)&#13;
	at org.eclipse.jdt.internal.junit.runner.RemoteTestRunner.runTests(RemoteTestRunner.java:459)&#13;
	at org.eclipse.jdt.internal.junit.runner.RemoteTestRunner.runTests(RemoteTestRunner.java:678)&#13;
	at org.eclipse.jdt.internal.junit.runner.RemoteTestRunner.run(RemoteTestRunner.java:382)&#13;
	at org.eclipse.jdt.internal.junit.runner.RemoteTestRunner.main(RemoteTestRunner.java:192)&#13;
&#13;
</error>
      </testcase>
    </testsuite>
    <testsuite name="cs362.dominionMaven.LibraryTest" time="0.001">
      <testcase name="test" classname="cs362.dominionMaven.LibraryTest" time="0.001"/>
    </testsuite>
    <testsuite name="cs362.dominionMaven.SmithyTest" time="0.0">
      <testcase name="test" classname="cs362.dominionMaven.SmithyTest" time="0.0"/>
    </testsuite>
    <testsuite name="cs362.dominionMaven.TurnTest" time="0.02">
      <testcase name="test" classname="cs362.dominionMaven.TurnTest" time="0.02"/>
    </testsuite>
    <testsuite name="cs362.dominionMaven.VillageTest" time="0.0">
      <testcase name="test" classname="cs362.dominionMaven.VillageTest" time="0.0"/>
    </testsuite>
  </testsuite>
</testrun>
